<?xml version="1.0" encoding="UTF-8"?>
<!-- Generated by org.testng.reporters.JUnitReportReporter -->
<testsuite hostname="DESKTOP-GRP0R8U" failures="0" tests="1" name="com.ACME.Pages.ACME_Login" time="13.386" errors="0" timestamp="10 Nov 2024 04:30:20 GMT" skipped="0">
  <testcase classname="com.ACME.Pages.ACME_Login" name="LoginAuth" time="13.386"/>
</testsuite> <!-- com.ACME.Pages.ACME_Login -->
